<?xml version="1.0" encoding="UTF-8"?>
<!-- Generated by org.testng.reporters.JUnitReportReporter -->
<testsuite hostname="LAPTOP-GTM2QHS4" failures="0" tests="1" name="htmlMethods.Request_01_GET" time="1.555" errors="0" timestamp="2024-11-14T15:20:50 IST" skipped="0">
  <testcase classname="htmlMethods.Request_01_GET" name="getRequest_SingleUser" time="1.555"/>
</testsuite> <!-- htmlMethods.Request_01_GET -->
