<?xml version="1.0" encoding="UTF-8"?>
<!-- Generated by org.testng.reporters.JUnitReportReporter -->
<testsuite hostname="LAPTOP-GTM2QHS4" failures="0" tests="3" name="htmlMethods.put_delete_Request" time="2.998" errors="0" timestamp="2024-11-14T20:09:07 IST" skipped="0">
  <testcase classname="htmlMethods.put_delete_Request" name="putRequest_update" time="2.328"/>
  <testcase classname="htmlMethods.put_delete_Request" name="patchRequest_update" time="0.334"/>
  <testcase classname="htmlMethods.put_delete_Request" name="deleteRequest_update" time="0.336"/>
</testsuite> <!-- htmlMethods.put_delete_Request -->
