<?xml version="1.0" encoding="UTF-8"?>
<!-- Generated by org.testng.reporters.JUnitReportReporter -->
<testsuite hostname="LAPTOP-GTM2QHS4" failures="0" tests="3" name="htmlMethods.RequestLatestWayin_BDDStyle" time="2.544" errors="0" timestamp="2024-11-14T19:20:24 IST" skipped="2">
  <testcase classname="htmlMethods.RequestLatestWayin_BDDStyle" name="getTestMethods" time="2.544"/>
  <testcase classname="htmlMethods.RequestLatestWayin_BDDStyle" name="getListofUsers">
    <skipped/>
  </testcase> <!-- getListofUsers -->
  <testcase classname="htmlMethods.RequestLatestWayin_BDDStyle" name="getRequeste01">
    <skipped/>
  </testcase> <!-- getRequeste01 -->
</testsuite> <!-- htmlMethods.RequestLatestWayin_BDDStyle -->
