<?xml version="1.0" encoding="UTF-8"?>
<!-- Generated by org.testng.reporters.JUnitReportReporter -->
<testsuite hostname="LAPTOP-GTM2QHS4" failures="0" tests="2" name="htmlMethods.postRequest" time="4.495" errors="0" timestamp="2024-11-14T19:53:01 IST" skipped="0">
  <testcase classname="htmlMethods.postRequest" name="post_HashMap" time="4.025"/>
  <testcase classname="htmlMethods.postRequest" name="post_pojo" time="0.470"/>
</testsuite> <!-- htmlMethods.postRequest -->
