<?xml version="1.0" encoding="UTF-8"?>
<!-- Generated by org.testng.reporters.JUnitReportReporter -->
<testsuite hostname="LAPTOP-GTM2QHS4" failures="0" tests="4" name="htmlMethods.sameuserGET_POST_PUT_DELETE" time="3.283" errors="0" timestamp="2024-11-14T20:28:31 IST" skipped="0">
  <testcase classname="htmlMethods.sameuserGET_POST_PUT_DELETE" name="createUser" time="2.222"/>
  <testcase classname="htmlMethods.sameuserGET_POST_PUT_DELETE" name="getUser" time="0.353"/>
  <testcase classname="htmlMethods.sameuserGET_POST_PUT_DELETE" name="updateUser" time="0.360"/>
  <testcase classname="htmlMethods.sameuserGET_POST_PUT_DELETE" name="deleteUser" time="0.348"/>
</testsuite> <!-- htmlMethods.sameuserGET_POST_PUT_DELETE -->
